\BOOKMARK [1][-]{section.1}{Vectores Libres}{}% 1
\BOOKMARK [1][-]{section.2}{Coordenadas y m\363dulo de un vector}{}% 2
\BOOKMARK [2][-]{subsection.2.1}{Ejemplo}{section.2}% 3
\BOOKMARK [1][-]{section.3}{Operaciones con vectores}{}% 4
\BOOKMARK [2][-]{subsection.3.1}{Producto de un n\372mero por un vector}{section.3}% 5
\BOOKMARK [3][-]{subsubsection.3.1.1}{Ejemplos}{subsection.3.1}% 6
\BOOKMARK [2][-]{subsection.3.2}{Suma y resta de vectores}{section.3}% 7
\BOOKMARK [1][-]{section.4}{Punto medio de un segmento}{}% 8
\BOOKMARK [2][-]{subsection.4.1}{Ejemplo}{section.4}% 9
\BOOKMARK [1][-]{section.5}{Puntos alineados}{}% 10
\BOOKMARK [2][-]{subsection.5.1}{Ejemplo}{section.5}% 11
\BOOKMARK [1][-]{section.6}{Ecuaciones de la recta}{}% 12
\BOOKMARK [2][-]{subsection.6.1}{Ecuaci\363n vectorial}{section.6}% 13
\BOOKMARK [2][-]{subsection.6.2}{Ecuaciones param\351tricas}{section.6}% 14
\BOOKMARK [2][-]{subsection.6.3}{Ecuaci\363n continua}{section.6}% 15
\BOOKMARK [2][-]{subsection.6.4}{Ecuaci\363n impl\355cita o general}{section.6}% 16
\BOOKMARK [2][-]{subsection.6.5}{Ecuaci\363n expl\355cita}{section.6}% 17
\BOOKMARK [2][-]{subsection.6.6}{Ejemplo}{section.6}% 18
\BOOKMARK [1][-]{section.7}{Condiciones de paralelismo y perpendicularidad}{}% 19
\BOOKMARK [1][-]{section.8}{Ecuaci\363n de la circunferencia}{}% 20
\BOOKMARK [2][-]{subsection.8.1}{Ejemplo}{section.8}% 21
